0 info it worked if it ends with ok
1 verbose cli [ '/home/user/.nvm/versions/node/v4.2.4/bin/node',
1 verbose cli   '/home/user/.nvm/versions/node/v4.2.4/bin/npm',
1 verbose cli   'run',
1 verbose cli   'dev' ]
2 info using npm@2.14.12
3 info using node@v4.2.4
4 verbose run-script [ 'predev', 'dev', 'postdev' ]
5 info predev investocracy@1.0.0
6 info dev investocracy@1.0.0
7 verbose unsafe-perm in lifecycle true
8 info investocracy@1.0.0 Failed to exec dev script
9 verbose stack Error: investocracy@1.0.0 dev: `concurrently "npm run server" "npm run client"`
9 verbose stack Exit status 1
9 verbose stack     at EventEmitter.<anonymous> (/home/user/.nvm/versions/node/v4.2.4/lib/node_modules/npm/lib/utils/lifecycle.js:214:16)
9 verbose stack     at emitTwo (events.js:87:13)
9 verbose stack     at EventEmitter.emit (events.js:172:7)
9 verbose stack     at ChildProcess.<anonymous> (/home/user/.nvm/versions/node/v4.2.4/lib/node_modules/npm/lib/utils/spawn.js:24:14)
9 verbose stack     at emitTwo (events.js:87:13)
9 verbose stack     at ChildProcess.emit (events.js:172:7)
9 verbose stack     at maybeClose (internal/child_process.js:818:16)
9 verbose stack     at Process.ChildProcess._handle.onexit (internal/child_process.js:211:5)
10 verbose pkgid investocracy@1.0.0
11 verbose cwd /home/user/Documents/Investocracy
12 error Linux 5.4.0-47-generic
13 error argv "/home/user/.nvm/versions/node/v4.2.4/bin/node" "/home/user/.nvm/versions/node/v4.2.4/bin/npm" "run" "dev"
14 error node v4.2.4
15 error npm  v2.14.12
16 error code ELIFECYCLE
17 error investocracy@1.0.0 dev: `concurrently "npm run server" "npm run client"`
17 error Exit status 1
18 error Failed at the investocracy@1.0.0 dev script 'concurrently "npm run server" "npm run client"'.
18 error This is most likely a problem with the investocracy package,
18 error not with npm itself.
18 error Tell the author that this fails on your system:
18 error     concurrently "npm run server" "npm run client"
18 error You can get their info via:
18 error     npm owner ls investocracy
18 error There is likely additional logging output above.
19 verbose exit [ 1, true ]
